favorite/build/intermediates/manifest_merge_blame_file/debug/manifest-merger-blame-debug-report.txt
1<?xml version="1.0" encoding="utf-8"?>
2<manifest xmlns:android="http://schemas.android.com/apk/res/android"
3    xmlns:dist="http://schemas.android.com/apk/distribution"
4    featureSplit="favorite"
5    package="com.next.up.code.capstone"
6    android:versionCode="1"
7    android:versionName="1.0" >
8
9    <uses-sdk
10        android:minSdkVersion="24"
11        android:targetSdkVersion="24" />
12
13    <dist:module
13-->src\main\AndroidManifest.xml:5:5-13:19
14        dist:instant="false"
14-->src\main\AndroidManifest.xml:6:9-29
15        dist:title="@string/title_favorite" >
15-->src\main\AndroidManifest.xml:7:9-44
16        <dist:delivery>
16-->src\main\AndroidManifest.xml:8:9-10:25
17            <dist:on-demand />
17-->src\main\AndroidManifest.xml:9:13-31
18        </dist:delivery>
19
20        <dist:fusing dist:include="true" />
20-->src\main\AndroidManifest.xml:12:9-44
20-->src\main\AndroidManifest.xml:12:22-41
21    </dist:module>
22
23    <application
23-->src\main\AndroidManifest.xml:15:5-19:19
24        android:debuggable="true"
25        android:extractNativeLibs="false"
26        android:testOnly="true" >
27        <activity
27-->src\main\AndroidManifest.xml:16:9-18:40
28            android:name="com.next.up.code.favorite.FavoriteActivity"
28-->src\main\AndroidManifest.xml:17:13-45
29            android:exported="false"
29-->src\main\AndroidManifest.xml:18:13-37
30            android:splitName="favorite" />
31    </application>
32
33</manifest>